<?xml version="1.0" encoding="UTF-8" ?>
<testsuite tests="4" failures="0" name="hibernate_maven.TestDeliveryAddress" time="2.088" errors="0" skipped="0">
  <properties>
[...]
</properties>
  <testcase classname="hibernate_maven.TestDeliveryAddress" name="deliveryAddressSearch" time="0.396"/>
  <testcase classname="hibernate_maven.TestDeliveryAddress" name="deliveryAddressFail" time="0.536"/>
  <testcase classname="hibernate_maven.TestDeliveryAddress" name="deliveryAddressSearchFail" time="0.696"/>
  <testcase classname="hibernate_maven.TestDeliveryAddress" name="deliveryAddress" time="0.46"/>
</testsuite>